# JRE version: Java(TM) SE Runtime Environment 18.9 (11.0.13+10) (build 11.0.13+10-LTS-370)
# Java VM: Java HotSpot(TM) 64-Bit Server VM 18.9 (11.0.13+10-LTS-370, mixed mode, tiered, compressed oops, g1 gc, bsd-amd64)
Heap:
 garbage-first heap   total 131072K, used 77136K [0x0000000780000000, 0x0000000800000000)
  region size 1024K, 69 young (70656K), 6 survivors (6144K)
 Metaspace       used 45771K, capacity 46780K, committed 46848K, reserved 1089536K
  class space    used 5628K, capacity 6128K, committed 6144K, reserved 1048576K
GC Heap History (10 events):
Event: 2.016 GC heap before
{Heap before GC invocations=0 (full 0):
 garbage-first heap   total 131072K, used 24576K [0x0000000780000000, 0x0000000800000000)
  region size 1024K, 24 young (24576K), 0 survivors (0K)
 Metaspace       used 11114K, capacity 11275K, committed 11392K, reserved 1058816K
  class space    used 1035K, capacity 1089K, committed 1152K, reserved 1048576K
}
Event: 2.037 GC heap after
{Heap after GC invocations=1 (full 0):
 garbage-first heap   total 131072K, used 9254K [0x0000000780000000, 0x0000000800000000)
  region size 1024K, 3 young (3072K), 3 survivors (3072K)
 Metaspace       used 11114K, capacity 11275K, committed 11392K, reserved 1058816K
  class space    used 1035K, capacity 1089K, committed 1152K, reserved 1048576K
}
Event: 3.036 GC heap before
{Heap before GC invocations=1 (full 0):
 garbage-first heap   total 131072K, used 84006K [0x0000000780000000, 0x0000000800000000)
  region size 1024K, 76 young (77824K), 3 survivors (3072K)
 Metaspace       used 18515K, capacity 18708K, committed 19072K, reserved 1067008K
  class space    used 2060K, capacity 2128K, committed 2176K, reserved 1048576K
}
Event: 3.049 GC heap after
{Heap after GC invocations=2 (full 0):
 garbage-first heap   total 131072K, used 10965K [0x0000000780000000, 0x0000000800000000)
  region size 1024K, 5 young (5120K), 5 survivors (5120K)
 Metaspace       used 18515K, capacity 18708K, committed 19072K, reserved 1067008K
  class space    used 2060K, capacity 2128K, committed 2176K, reserved 1048576K
}
Event: 3.309 GC heap before
{Heap before GC invocations=2 (full 0):
 garbage-first heap   total 131072K, used 27349K [0x0000000780000000, 0x0000000800000000)
  region size 1024K, 22 young (22528K), 5 survivors (5120K)
 Metaspace       used 20806K, capacity 21113K, committed 21248K, reserved 1069056K
  class space    used 2398K, capacity 2545K, committed 2560K, reserved 1048576K
}
Event: 3.317 GC heap after
{Heap after GC invocations=3 (full 0):
 garbage-first heap   total 131072K, used 11785K [0x0000000780000000, 0x0000000800000000)
  region size 1024K, 6 young (6144K), 6 survivors (6144K)
 Metaspace       used 20806K, capacity 21113K, committed 21248K, reserved 1069056K
  class space    used 2398K, capacity 2545K, committed 2560K, reserved 1048576K
}
Event: 4.326 GC heap before
{Heap before GC invocations=4 (full 0):
 garbage-first heap   total 131072K, used 76297K [0x0000000780000000, 0x0000000800000000)
  region size 1024K, 68 young (69632K), 6 survivors (6144K)
 Metaspace       used 28831K, capacity 29278K, committed 29696K, reserved 1075200K
  class space    used 3271K, capacity 3469K, committed 3584K, reserved 1048576K
}
Event: 4.343 GC heap after
{Heap after GC invocations=5 (full 0):
 garbage-first heap   total 131072K, used 13856K [0x0000000780000000, 0x0000000800000000)
  region size 1024K, 5 young (5120K), 5 survivors (5120K)
 Metaspace       used 28831K, capacity 29278K, committed 29696K, reserved 1075200K
  class space    used 3271K, capacity 3469K, committed 3584K, reserved 1048576K
}
Event: 4.940 GC heap before
{Heap before GC invocations=5 (full 0):
 garbage-first heap   total 131072K, used 43552K [0x0000000780000000, 0x0000000800000000)
  region size 1024K, 35 young (35840K), 5 survivors (5120K)
 Metaspace       used 34764K, capacity 35252K, committed 35584K, reserved 1081344K
  class space    used 4016K, capacity 4244K, committed 4352K, reserved 1048576K
}
Event: 4.946 GC heap after
{Heap after GC invocations=6 (full 0):
 garbage-first heap   total 131072K, used 14672K [0x0000000780000000, 0x0000000800000000)
  region size 1024K, 6 young (6144K), 6 survivors (6144K)
 Metaspace       used 34764K, capacity 35252K, committed 35584K, reserved 1081344K
  class space    used 4016K, capacity 4244K, committed 4352K, reserved 1048576K
}

