# JRE version: Java(TM) SE Runtime Environment 18.9 (11.0.13+10) (build 11.0.13+10-LTS-370)
# Java VM: Java HotSpot(TM) 64-Bit Server VM 18.9 (11.0.13+10-LTS-370, mixed mode, tiered, compressed oops, g1 gc, bsd-amd64)
Heap:
 garbage-first heap   total 131072K, used 28197K [0x0000000780000000, 0x0000000800000000)
  region size 1024K, 17 young (17408K), 4 survivors (4096K)
 Metaspace       used 36265K, capacity 36800K, committed 37072K, reserved 1081344K
  class space    used 4497K, capacity 4733K, committed 4736K, reserved 1048576K
GC Heap History (10 events):
Event: 1.962 GC heap before
{Heap before GC invocations=0 (full 0):
 garbage-first heap   total 131072K, used 26624K [0x0000000780000000, 0x0000000800000000)
  region size 1024K, 24 young (24576K), 0 survivors (0K)
 Metaspace       used 10878K, capacity 11051K, committed 11264K, reserved 1058816K
  class space    used 1086K, capacity 1153K, committed 1280K, reserved 1048576K
}
Event: 1.989 GC heap after
{Heap after GC invocations=1 (full 0):
 garbage-first heap   total 131072K, used 10016K [0x0000000780000000, 0x0000000800000000)
  region size 1024K, 3 young (3072K), 3 survivors (3072K)
 Metaspace       used 10878K, capacity 11051K, committed 11264K, reserved 1058816K
  class space    used 1086K, capacity 1153K, committed 1280K, reserved 1048576K
}
Event: 4.503 GC heap before
{Heap before GC invocations=1 (full 0):
 garbage-first heap   total 131072K, used 82720K [0x0000000780000000, 0x0000000800000000)
  region size 1024K, 75 young (76800K), 3 survivors (3072K)
 Metaspace       used 20927K, capacity 21197K, committed 21296K, reserved 1069056K
  class space    used 2556K, capacity 2668K, committed 2688K, reserved 1048576K
}
Event: 4.533 GC heap after
{Heap after GC invocations=2 (full 0):
 garbage-first heap   total 131072K, used 12774K [0x0000000780000000, 0x0000000800000000)
  region size 1024K, 6 young (6144K), 6 survivors (6144K)
 Metaspace       used 20927K, capacity 21197K, committed 21296K, reserved 1069056K
  class space    used 2556K, capacity 2668K, committed 2688K, reserved 1048576K
}
Event: 5.173 GC heap before
{Heap before GC invocations=3 (full 0):
 garbage-first heap   total 131072K, used 34278K [0x0000000780000000, 0x0000000800000000)
  region size 1024K, 27 young (27648K), 6 survivors (6144K)
 Metaspace       used 24959K, capacity 25332K, committed 25520K, reserved 1071104K
  class space    used 3180K, capacity 3307K, committed 3328K, reserved 1048576K
}
Event: 5.198 GC heap after
{Heap after GC invocations=4 (full 0):
 garbage-first heap   total 131072K, used 13690K [0x0000000780000000, 0x0000000800000000)
  region size 1024K, 1 young (1024K), 1 survivors (1024K)
 Metaspace       used 24959K, capacity 25332K, committed 25520K, reserved 1071104K
  class space    used 3180K, capacity 3307K, committed 3328K, reserved 1048576K
}
Event: 6.037 GC heap before
{Heap before GC invocations=4 (full 0):
 garbage-first heap   total 131072K, used 72058K [0x0000000780000000, 0x0000000800000000)
  region size 1024K, 58 young (59392K), 1 survivors (1024K)
 Metaspace       used 27680K, capacity 28188K, committed 28336K, reserved 1073152K
  class space    used 3567K, capacity 3773K, committed 3840K, reserved 1048576K
}
Event: 6.042 GC heap after
{Heap after GC invocations=5 (full 0):
 garbage-first heap   total 131072K, used 14127K [0x0000000780000000, 0x0000000800000000)
  region size 1024K, 2 young (2048K), 2 survivors (2048K)
 Metaspace       used 27680K, capacity 28188K, committed 28336K, reserved 1073152K
  class space    used 3567K, capacity 3773K, committed 3840K, reserved 1048576K
}
Event: 7.501 GC heap before
{Heap before GC invocations=5 (full 0):
 garbage-first heap   total 131072K, used 74543K [0x0000000780000000, 0x0000000800000000)
  region size 1024K, 62 young (63488K), 2 survivors (2048K)
 Metaspace       used 35160K, capacity 35676K, committed 35920K, reserved 1081344K
  class space    used 4346K, capacity 4572K, committed 4608K, reserved 1048576K
}
Event: 7.511 GC heap after
{Heap after GC invocations=6 (full 0):
 garbage-first heap   total 131072K, used 15909K [0x0000000780000000, 0x0000000800000000)
  region size 1024K, 4 young (4096K), 4 survivors (4096K)
 Metaspace       used 35160K, capacity 35676K, committed 35920K, reserved 1081344K
  class space    used 4346K, capacity 4572K, committed 4608K, reserved 1048576K
}

