# JRE version: Java(TM) SE Runtime Environment 18.9 (11.0.13+10) (build 11.0.13+10-LTS-370)
# Java VM: Java HotSpot(TM) 64-Bit Server VM 18.9 (11.0.13+10-LTS-370, mixed mode, tiered, compressed oops, g1 gc, bsd-amd64)
Heap:
 garbage-first heap   total 131072K, used 31838K [0x0000000780000000, 0x0000000800000000)
  region size 1024K, 24 young (24576K), 5 survivors (5120K)
 Metaspace       used 30950K, capacity 31350K, committed 31616K, reserved 1077248K
  class space    used 3510K, capacity 3694K, committed 3712K, reserved 1048576K
GC Heap History (8 events):
Event: 2.367 GC heap before
{Heap before GC invocations=0 (full 0):
 garbage-first heap   total 131072K, used 24576K [0x0000000780000000, 0x0000000800000000)
  region size 1024K, 24 young (24576K), 0 survivors (0K)
 Metaspace       used 11103K, capacity 11263K, committed 11648K, reserved 1060864K
  class space    used 1035K, capacity 1089K, committed 1152K, reserved 1048576K
}
Event: 2.390 GC heap after
{Heap after GC invocations=1 (full 0):
 garbage-first heap   total 131072K, used 9323K [0x0000000780000000, 0x0000000800000000)
  region size 1024K, 3 young (3072K), 3 survivors (3072K)
 Metaspace       used 11103K, capacity 11263K, committed 11648K, reserved 1060864K
  class space    used 1035K, capacity 1089K, committed 1152K, reserved 1048576K
}
Event: 3.424 GC heap before
{Heap before GC invocations=1 (full 0):
 garbage-first heap   total 131072K, used 84075K [0x0000000780000000, 0x0000000800000000)
  region size 1024K, 76 young (77824K), 3 survivors (3072K)
 Metaspace       used 18506K, capacity 18696K, committed 19072K, reserved 1067008K
  class space    used 2059K, capacity 2128K, committed 2176K, reserved 1048576K
}
Event: 3.438 GC heap after
{Heap after GC invocations=2 (full 0):
 garbage-first heap   total 131072K, used 11027K [0x0000000780000000, 0x0000000800000000)
  region size 1024K, 5 young (5120K), 5 survivors (5120K)
 Metaspace       used 18506K, capacity 18696K, committed 19072K, reserved 1067008K
  class space    used 2059K, capacity 2128K, committed 2176K, reserved 1048576K
}
Event: 3.691 GC heap before
{Heap before GC invocations=2 (full 0):
 garbage-first heap   total 131072K, used 26387K [0x0000000780000000, 0x0000000800000000)
  region size 1024K, 21 young (21504K), 5 survivors (5120K)
 Metaspace       used 20805K, capacity 21101K, committed 21248K, reserved 1069056K
  class space    used 2398K, capacity 2545K, committed 2560K, reserved 1048576K
}
Event: 3.699 GC heap after
{Heap after GC invocations=3 (full 0):
 garbage-first heap   total 131072K, used 11536K [0x0000000780000000, 0x0000000800000000)
  region size 1024K, 6 young (6144K), 6 survivors (6144K)
 Metaspace       used 20805K, capacity 21101K, committed 21248K, reserved 1069056K
  class space    used 2398K, capacity 2545K, committed 2560K, reserved 1048576K
}
Event: 4.700 GC heap before
{Heap before GC invocations=4 (full 0):
 garbage-first heap   total 131072K, used 75024K [0x0000000780000000, 0x0000000800000000)
  region size 1024K, 67 young (68608K), 6 survivors (6144K)
 Metaspace       used 28672K, capacity 29106K, committed 29312K, reserved 1075200K
  class space    used 3241K, capacity 3437K, committed 3456K, reserved 1048576K
}
Event: 4.719 GC heap after
{Heap after GC invocations=5 (full 0):
 garbage-first heap   total 131072K, used 13406K [0x0000000780000000, 0x0000000800000000)
  region size 1024K, 5 young (5120K), 5 survivors (5120K)
 Metaspace       used 28672K, capacity 29106K, committed 29312K, reserved 1075200K
  class space    used 3241K, capacity 3437K, committed 3456K, reserved 1048576K
}

